{"total": {"lines":{"total":1327,"covered":446,"skipped":0,"pct":33.6},"statements":{"total":1327,"covered":446,"skipped":0,"pct":33.6},"functions":{"total":33,"covered":31,"skipped":0,"pct":93.93},"branches":{"total":114,"covered":98,"skipped":0,"pct":85.96},"branchesTrue":{"total":0,"covered":0,"skipped":0,"pct":100}}
,"E:\\git\\timeblock_new\\src\\features\\goals\\constants\\goalConstants.ts": {"lines":{"total":109,"covered":109,"skipped":0,"pct":100},"functions":{"total":0,"covered":0,"skipped":0,"pct":100},"statements":{"total":109,"covered":109,"skipped":0,"pct":100},"branches":{"total":0,"covered":0,"skipped":0,"pct":100}}
,"E:\\git\\timeblock_new\\src\\features\\goals\\hooks\\index.ts": {"lines":{"total":4,"covered":0,"skipped":0,"pct":0},"functions":{"total":1,"covered":1,"skipped":0,"pct":100},"statements":{"total":4,"covered":0,"skipped":0,"pct":0},"branches":{"total":1,"covered":1,"skipped":0,"pct":100}}
,"E:\\git\\timeblock_new\\src\\features\\goals\\hooks\\useCatchUpAlert.ts": {"lines":{"total":45,"covered":0,"skipped":0,"pct":0},"functions":{"total":1,"covered":1,"skipped":0,"pct":100},"statements":{"total":45,"covered":0,"skipped":0,"pct":0},"branches":{"total":1,"covered":1,"skipped":0,"pct":100}}
,"E:\\git\\timeblock_new\\src\\features\\goals\\hooks\\useCatchUpAlertBanner.ts": {"lines":{"total":128,"covered":0,"skipped":0,"pct":0},"functions":{"total":1,"covered":1,"skipped":0,"pct":100},"statements":{"total":128,"covered":0,"skipped":0,"pct":0},"branches":{"total":1,"covered":1,"skipped":0,"pct":100}}
,"E:\\git\\timeblock_new\\src\\features\\goals\\hooks\\useGoalsHotkeys.ts": {"lines":{"total":143,"covered":0,"skipped":0,"pct":0},"functions":{"total":1,"covered":1,"skipped":0,"pct":100},"statements":{"total":143,"covered":0,"skipped":0,"pct":0},"branches":{"total":1,"covered":1,"skipped":0,"pct":100}}
,"E:\\git\\timeblock_new\\src\\features\\goals\\hooks\\useGoalsSystemState.ts": {"lines":{"total":91,"covered":0,"skipped":0,"pct":0},"functions":{"total":1,"covered":1,"skipped":0,"pct":100},"statements":{"total":91,"covered":0,"skipped":0,"pct":0},"branches":{"total":1,"covered":1,"skipped":0,"pct":100}}
,"E:\\git\\timeblock_new\\src\\features\\goals\\hooks\\useProgressGuard.ts": {"lines":{"total":40,"covered":0,"skipped":0,"pct":0},"functions":{"total":1,"covered":1,"skipped":0,"pct":100},"statements":{"total":40,"covered":0,"skipped":0,"pct":0},"branches":{"total":1,"covered":1,"skipped":0,"pct":100}}
,"E:\\git\\timeblock_new\\src\\features\\goals\\hooks\\useProgressUndo.ts": {"lines":{"total":105,"covered":0,"skipped":0,"pct":0},"functions":{"total":1,"covered":1,"skipped":0,"pct":100},"statements":{"total":105,"covered":0,"skipped":0,"pct":0},"branches":{"total":1,"covered":1,"skipped":0,"pct":100}}
,"E:\\git\\timeblock_new\\src\\features\\goals\\hooks\\useQuotaAchievement.ts": {"lines":{"total":86,"covered":0,"skipped":0,"pct":0},"functions":{"total":1,"covered":1,"skipped":0,"pct":100},"statements":{"total":86,"covered":0,"skipped":0,"pct":0},"branches":{"total":1,"covered":1,"skipped":0,"pct":100}}
,"E:\\git\\timeblock_new\\src\\features\\goals\\hooks\\useRecommendedPace.ts": {"lines":{"total":62,"covered":0,"skipped":0,"pct":0},"functions":{"total":1,"covered":1,"skipped":0,"pct":100},"statements":{"total":62,"covered":0,"skipped":0,"pct":0},"branches":{"total":1,"covered":1,"skipped":0,"pct":100}}
,"E:\\git\\timeblock_new\\src\\features\\goals\\utils\\catchUpUtils.ts": {"lines":{"total":60,"covered":0,"skipped":0,"pct":0},"functions":{"total":1,"covered":1,"skipped":0,"pct":100},"statements":{"total":60,"covered":0,"skipped":0,"pct":0},"branches":{"total":1,"covered":1,"skipped":0,"pct":100}}
,"E:\\git\\timeblock_new\\src\\features\\goals\\utils\\goalSystemState.ts": {"lines":{"total":89,"covered":0,"skipped":0,"pct":0},"functions":{"total":1,"covered":1,"skipped":0,"pct":100},"statements":{"total":89,"covered":0,"skipped":0,"pct":0},"branches":{"total":1,"covered":1,"skipped":0,"pct":100}}
,"E:\\git\\timeblock_new\\src\\features\\goals\\utils\\historyInsightUtils.ts": {"lines":{"total":201,"covered":185,"skipped":0,"pct":92.03},"functions":{"total":4,"covered":4,"skipped":0,"pct":100},"statements":{"total":201,"covered":185,"skipped":0,"pct":92.03},"branches":{"total":55,"covered":44,"skipped":0,"pct":80}}
,"E:\\git\\timeblock_new\\src\\features\\goals\\utils\\themeGroupUtils.ts": {"lines":{"total":81,"covered":81,"skipped":0,"pct":100},"functions":{"total":4,"covered":4,"skipped":0,"pct":100},"statements":{"total":81,"covered":81,"skipped":0,"pct":100},"branches":{"total":26,"covered":25,"skipped":0,"pct":96.15}}
,"E:\\git\\timeblock_new\\src\\features\\goals\\utils\\weekUtils.ts": {"lines":{"total":83,"covered":71,"skipped":0,"pct":85.54},"functions":{"total":14,"covered":12,"skipped":0,"pct":85.71},"statements":{"total":83,"covered":71,"skipped":0,"pct":85.54},"branches":{"total":22,"covered":18,"skipped":0,"pct":81.81}}
}
