{"total": {"lines":{"total":1406,"covered":1344,"skipped":0,"pct":95.59},"statements":{"total":1406,"covered":1344,"skipped":0,"pct":95.59},"functions":{"total":90,"covered":87,"skipped":0,"pct":96.66},"branches":{"total":440,"covered":381,"skipped":0,"pct":86.59},"branchesTrue":{"total":0,"covered":0,"skipped":0,"pct":100}}
,"E:\\git\\timeblock_new\\src\\shared\\lib\\storeUtils.ts": {"lines":{"total":164,"covered":163,"skipped":0,"pct":99.39},"functions":{"total":16,"covered":16,"skipped":0,"pct":100},"statements":{"total":164,"covered":163,"skipped":0,"pct":99.39},"branches":{"total":33,"covered":30,"skipped":0,"pct":90.9}}
,"E:\\git\\timeblock_new\\src\\shared\\lib\\eventBus\\EventBus.ts": {"lines":{"total":128,"covered":107,"skipped":0,"pct":83.59},"functions":{"total":11,"covered":9,"skipped":0,"pct":81.81},"statements":{"total":128,"covered":107,"skipped":0,"pct":83.59},"branches":{"total":24,"covered":24,"skipped":0,"pct":100}}
,"E:\\git\\timeblock_new\\src\\shared\\services\\gameplay\\taskCompletion\\taskCompletionService.ts": {"lines":{"total":78,"covered":77,"skipped":0,"pct":98.71},"functions":{"total":4,"covered":4,"skipped":0,"pct":100},"statements":{"total":78,"covered":77,"skipped":0,"pct":98.71},"branches":{"total":12,"covered":10,"skipped":0,"pct":83.33}}
,"E:\\git\\timeblock_new\\src\\shared\\services\\gameplay\\taskCompletion\\handlers\\blockCompletionHandler.ts": {"lines":{"total":40,"covered":38,"skipped":0,"pct":95},"functions":{"total":3,"covered":3,"skipped":0,"pct":100},"statements":{"total":40,"covered":38,"skipped":0,"pct":95},"branches":{"total":22,"covered":21,"skipped":0,"pct":95.45}}
,"E:\\git\\timeblock_new\\src\\shared\\services\\gameplay\\taskCompletion\\handlers\\questProgressHandler.ts": {"lines":{"total":15,"covered":15,"skipped":0,"pct":100},"functions":{"total":2,"covered":2,"skipped":0,"pct":100},"statements":{"total":15,"covered":15,"skipped":0,"pct":100},"branches":{"total":4,"covered":4,"skipped":0,"pct":100}}
,"E:\\git\\timeblock_new\\src\\shared\\services\\gameplay\\taskCompletion\\handlers\\waifuAffectionHandler.ts": {"lines":{"total":12,"covered":12,"skipped":0,"pct":100},"functions":{"total":2,"covered":2,"skipped":0,"pct":100},"statements":{"total":12,"covered":12,"skipped":0,"pct":100},"branches":{"total":4,"covered":4,"skipped":0,"pct":100}}
,"E:\\git\\timeblock_new\\src\\shared\\services\\gameplay\\taskCompletion\\handlers\\xpRewardHandler.ts": {"lines":{"total":21,"covered":21,"skipped":0,"pct":100},"functions":{"total":2,"covered":2,"skipped":0,"pct":100},"statements":{"total":21,"covered":21,"skipped":0,"pct":100},"branches":{"total":8,"covered":7,"skipped":0,"pct":87.5}}
,"E:\\git\\timeblock_new\\src\\shared\\services\\sync\\syncLogger.ts": {"lines":{"total":120,"covered":113,"skipped":0,"pct":94.16},"functions":{"total":10,"covered":10,"skipped":0,"pct":100},"statements":{"total":120,"covered":113,"skipped":0,"pct":94.16},"branches":{"total":38,"covered":34,"skipped":0,"pct":89.47}}
,"E:\\git\\timeblock_new\\src\\shared\\services\\sync\\firebase\\conflictResolver.ts": {"lines":{"total":126,"covered":124,"skipped":0,"pct":98.41},"functions":{"total":6,"covered":6,"skipped":0,"pct":100},"statements":{"total":126,"covered":124,"skipped":0,"pct":98.41},"branches":{"total":43,"covered":29,"skipped":0,"pct":67.44}}
,"E:\\git\\timeblock_new\\src\\shared\\services\\sync\\firebase\\syncCore.ts": {"lines":{"total":169,"covered":159,"skipped":0,"pct":94.08},"functions":{"total":5,"covered":5,"skipped":0,"pct":100},"statements":{"total":169,"covered":159,"skipped":0,"pct":94.08},"branches":{"total":58,"covered":44,"skipped":0,"pct":75.86}}
,"E:\\git\\timeblock_new\\src\\shared\\services\\sync\\firebase\\syncRetryQueue.ts": {"lines":{"total":141,"covered":139,"skipped":0,"pct":98.58},"functions":{"total":9,"covered":8,"skipped":0,"pct":88.88},"statements":{"total":141,"covered":139,"skipped":0,"pct":98.58},"branches":{"total":31,"covered":28,"skipped":0,"pct":90.32}}
,"E:\\git\\timeblock_new\\src\\shared\\services\\task\\unifiedTaskService.ts": {"lines":{"total":322,"covered":306,"skipped":0,"pct":95.03},"functions":{"total":17,"covered":17,"skipped":0,"pct":100},"statements":{"total":322,"covered":306,"skipped":0,"pct":95.03},"branches":{"total":128,"covered":113,"skipped":0,"pct":88.28}}
,"E:\\git\\timeblock_new\\src\\shared\\utils\\firebaseSanitizer.ts": {"lines":{"total":70,"covered":70,"skipped":0,"pct":100},"functions":{"total":3,"covered":3,"skipped":0,"pct":100},"statements":{"total":70,"covered":70,"skipped":0,"pct":100},"branches":{"total":35,"covered":33,"skipped":0,"pct":94.28}}
}
